#
# A fatal error has been detected by the Java Runtime Environment:
#
#  EXCEPTION_ACCESS_VIOLATION (0xc0000005) at pc=0x000000006ac72b23, pid=15548, tid=8244
#
# JRE version: Java(TM) SE Runtime Environment (10.0.2+13) (build 10.0.2+13)
# Java VM: Java HotSpot(TM) 64-Bit Server VM (10.0.2+13, mixed mode, tiered, compressed oops, g1 gc, windows-amd64)
# Problematic frame:
# V  [jvm.dll+0x372b23]
#
# No core dump will be written. Minidumps are not enabled by default on client versions of Windows
#
# If you would like to submit a bug report, please visit:
#   http://bugreport.java.com/bugreport/crash.jsp
#

---------------  S U M M A R Y ------------

Command Line: -javaagent:F:\JetBrains\IntelliJ IDEA 2018.2.3\lib\idea_rt.jar=63236:F:\JetBrains\IntelliJ IDEA 2018.2.3\bin -Dfile.encoding=UTF-8 com.example.mininetflix.MiniNetflix

Host: AMD Ryzen 5 1600 Six-Core Processor            , 12 cores, 15G,  Windows 10 , 64 bit Build 17134 (10.0.17134.1)
Time: Mon Oct 08 20:44:38 2018 Västeuropa, sommartid elapsed time: 34521 seconds (0d 9h 35m 21s)

---------------  T H R E A D  ---------------

Current thread (0x0000020aa5270000):  JavaThread "main" [_thread_in_vm, id=8244, stack(0x000000cbab800000,0x000000cbab900000)]

Stack: [0x000000cbab800000,0x000000cbab900000],  sp=0x000000cbab8fb370,  free space=1004k
Native frames: (J=compiled Java code, j=interpreted, Vv=VM code, C=native code)
V  [jvm.dll+0x372b23]
V  [jvm.dll+0x3724e3]
V  [jvm.dll+0x3e0082]
C  [java.dll+0x8e2a]

Java frames: (J=compiled Java code, j=interpreted, Vv=VM code)
J 449  java.lang.Throwable.fillInStackTrace(I)Ljava/lang/Throwable; java.base@10.0.2 (0 bytes) @ 0x0000020ab8107e7b [0x0000020ab8107e40+0x000000000000003b]
J 451 c2 java.io.IOException.<init>(Ljava/lang/String;)V java.base@10.0.2 (6 bytes) @ 0x0000020ab8108594 [0x0000020ab8108340+0x0000000000000254]
v  ~StubRoutines::call_stub
J 317  java.io.FileOutputStream.writeBytes([BIIZ)V java.base@10.0.2 (0 bytes) @ 0x0000020ab80e8e99 [0x0000020ab80e8e40+0x0000000000000059]
J 411 c2 java.io.PrintStream.write(Ljava/lang/String;)V java.base@10.0.2 (83 bytes) @ 0x0000020ab80fe18c [0x0000020ab80fdca0+0x00000000000004ec]
J 425 c2 java.io.PrintStream.println(Ljava/lang/String;)V java.base@10.0.2 (24 bytes) @ 0x0000020ab81007bc [0x0000020ab8100720+0x000000000000009c]
J 433% c2 com.example.mininetflix.MiniNetflix.main([Ljava/lang/String;)V (104 bytes) @ 0x0000020ab810644c [0x0000020ab8106360+0x00000000000000ec]
v  ~StubRoutines::call_stub

siginfo: EXCEPTION_ACCESS_VIOLATION (0xc0000005), reading address 0x0000000000000004


Register to memory mapping:

RIP=0x000000006ac72b23 jvm.dll
RAX=0x0000000000000000 is an unknown value
RBX=0x0000020ab8100510 is at entry_point+-528 in (nmethod*)0x0000020ab8100510
RCX=0x0000020ab8100720 is at entry_point+0 in (nmethod*)0x0000020ab8100510
RDX=0x0000020ab80fedd8 is at entry_point+4408 in (nmethod*)0x0000020ab80fda90
RSP=0x000000cbab8fb370 is pointing into the stack for thread: 0x0000020aa5270000
RBP=0x000000cbab8fb470 is pointing into the stack for thread: 0x0000020aa5270000
RSI=0x0000020ab8100510 is at entry_point+-528 in (nmethod*)0x0000020ab8100510
RDI=0x0000020ab80fedd8 is at entry_point+4408 in (nmethod*)0x0000020ab80fda90
R8 =0x0000000000000000 is an unknown value
R9 =0x000000cbab8fb340 is pointing into the stack for thread: 0x0000020aa5270000
R10=0x0000020ab80d0000 is an unknown value
R11=0x0000020ab80feed2 is at entry_point+4658 in (nmethod*)0x0000020ab80fda90
R12=0x0000000000000001 is an unknown value
R13=0x0000020aa5270000 is a thread
R14=0x00000000000000e9 is an unknown value
R15=0x0000000000000000 is an unknown value


Registers:
RAX=0x0000000000000000, RBX=0x0000020ab8100510, RCX=0x0000020ab8100720, RDX=0x0000020ab80fedd8
RSP=0x000000cbab8fb370, RBP=0x000000cbab8fb470, RSI=0x0000020ab8100510, RDI=0x0000020ab80fedd8
R8 =0x0000000000000000, R9 =0x000000cbab8fb340, R10=0x0000020ab80d0000, R11=0x0000020ab80feed2
R12=0x0000000000000001, R13=0x0000020aa5270000, R14=0x00000000000000e9, R15=0x0000000000000000
RIP=0x000000006ac72b23, EFLAGS=0x0000000000010206

Top of Stack: (sp=0x000000cbab8fb370)
0x000000cbab8fb370:   0000020ab8100510 000000cbab8fb470
0x000000cbab8fb380:   0000020acc2190d8 0000020ab80fedd8
0x000000cbab8fb390:   0000020aa5010101 0000020ab8100510
0x000000cbab8fb3a0:   0000020a00000400 0000020aa5270b18
0x000000cbab8fb3b0:   0000020aa5270740 0000020aa5269970
0x000000cbab8fb3c0:   000000cbab8ff2d0 0000020ab810644c
0x000000cbab8fb3d0:   0000020ab8106190 000000cb00000000
0x000000cbab8fb3e0:   00000006c10009d8 000000cbab8ff2d0
0x000000cbab8fb3f0:   0000020aa5270730 00000000000003d8
0x000000cbab8fb400:   0000020aa5270b68 00000006ce270218
0x000000cbab8fb410:   00000006ce270240 00000006ce270290
0x000000cbab8fb420:   00000006ce270320 00000006ce2703b0
0x000000cbab8fb430:   0000020a00000001 0000020ab81066f8
0x000000cbab8fb440:   0000020aa5010101 0000020ab8106190
0x000000cbab8fb450:   0000020a00000400 0000020aa5270b18
0x000000cbab8fb460:   0000020aa5270740 0000020aa5269970 

Instructions: (pc=0x000000006ac72b23)
0x000000006ac72b03:   7e 5d 00 48 d3 e0 48 03 05 80 7e 5d 00 eb 1b 45
0x000000006ac72b13:   33 c0 48 8b d7 48 8b cb e8 60 f6 df ff 48 8b f3
0x000000006ac72b23:   44 8b 70 04 eb ad 48 8b 40 08 48 8b c8 e8 9b 26
0x000000006ac72b33:   11 00 48 8d 0d 78 28 46 00 45 8b c4 48 8b d0 e8 



---------------  P R O C E S S  ---------------

Threads class SMR info:
_java_thread_list=0x0000020aa3005870, length=12, elements={
0x0000020aa5270000, 0x0000020acc95a000, 0x0000020acc966800, 0x0000020acc9ae800,
0x0000020acc9af000, 0x0000020acc9b2000, 0x0000020acc9ba000, 0x0000020acc9d4800,
0x0000020acca04000, 0x0000020acca24800, 0x0000020acce98800, 0x0000020accee6800
}

Java Threads: ( => current thread )
=>0x0000020aa5270000 JavaThread "main" [_thread_in_vm, id=8244, stack(0x000000cbab800000,0x000000cbab900000)]
  0x0000020acc95a000 JavaThread "Reference Handler" daemon [_thread_blocked, id=8824, stack(0x000000cbad300000,0x000000cbad400000)]
  0x0000020acc966800 JavaThread "Finalizer" daemon [_thread_blocked, id=11412, stack(0x000000cbad400000,0x000000cbad500000)]
  0x0000020acc9ae800 JavaThread "Signal Dispatcher" daemon [_thread_blocked, id=16132, stack(0x000000cbad500000,0x000000cbad600000)]
  0x0000020acc9af000 JavaThread "Attach Listener" daemon [_thread_blocked, id=4408, stack(0x000000cbad600000,0x000000cbad700000)]
  0x0000020acc9b2000 JavaThread "C2 CompilerThread0" daemon [_thread_blocked, id=8536, stack(0x000000cbad700000,0x000000cbad800000)]
  0x0000020acc9ba000 JavaThread "C2 CompilerThread1" daemon [_thread_blocked, id=11636, stack(0x000000cbad800000,0x000000cbad900000)]
  0x0000020acc9d4800 JavaThread "C2 CompilerThread2" daemon [_thread_blocked, id=7064, stack(0x000000cbad900000,0x000000cbada00000)]
  0x0000020acca04000 JavaThread "C1 CompilerThread3" daemon [_thread_blocked, id=7396, stack(0x000000cbada00000,0x000000cbadb00000)]
  0x0000020acca24800 JavaThread "Sweeper thread" daemon [_thread_blocked, id=9568, stack(0x000000cbadb00000,0x000000cbadc00000)]
  0x0000020acce98800 JavaThread "Common-Cleaner" daemon [_thread_blocked, id=9004, stack(0x000000cbadc00000,0x000000cbadd00000)]
  0x0000020accee6800 JavaThread "Service Thread" daemon [_thread_blocked, id=3168, stack(0x000000cbade00000,0x000000cbadf00000)]

Other Threads:
  0x0000020acc955000 VMThread "VM Thread" [stack: 0x000000cbad200000,0x000000cbad300000] [id=13348]
  0x0000020accc38800 WatcherThread [stack: 0x000000cbadf00000,0x000000cbae000000] [id=3688]
  0x0000020aa528a000 GCTaskThread "GC Thread#0" [stack: 0x000000cbab900000,0x000000cbaba00000] [id=10316]
  0x0000020aa528b800 GCTaskThread "GC Thread#1" [stack: 0x000000cbaba00000,0x000000cbabb00000] [id=9020]
  0x0000020aa528f000 GCTaskThread "GC Thread#2" [stack: 0x000000cbabb00000,0x000000cbabc00000] [id=2656]
  0x0000020aa5291800 GCTaskThread "GC Thread#3" [stack: 0x000000cbabc00000,0x000000cbabd00000] [id=15804]
  0x0000020aa5294000 GCTaskThread "GC Thread#4" [stack: 0x000000cbabd00000,0x000000cbabe00000] [id=15384]
  0x0000020aa5299000 GCTaskThread "GC Thread#5" [stack: 0x000000cbabe00000,0x000000cbabf00000] [id=12744]
  0x0000020aa529f800 GCTaskThread "GC Thread#6" [stack: 0x000000cbabf00000,0x000000cbac000000] [id=12860]
  0x0000020aa52a1000 GCTaskThread "GC Thread#7" [stack: 0x000000cbac000000,0x000000cbac100000] [id=14900]
  0x0000020aa52a2800 GCTaskThread "GC Thread#8" [stack: 0x000000cbac100000,0x000000cbac200000] [id=7580]
  0x0000020aa52a4000 GCTaskThread "GC Thread#9" [stack: 0x000000cbac200000,0x000000cbac300000] [id=10192]
  0x0000020aa52ef800 ConcurrentGCThread "G1 Main Marker" [stack: 0x000000cbac300000,0x000000cbac400000] [id=9708]
  0x0000020aa52f2800 ConcurrentGCThread "G1 Conc#0" [stack: 0x000000cbac400000,0x000000cbac500000] [id=4968]
  0x0000020aa5305800 ConcurrentGCThread "G1 Conc#1" [stack: 0x000000cbac500000,0x000000cbac600000] [id=10236]
  0x0000020aa5306800 ConcurrentGCThread "G1 Conc#2" [stack: 0x000000cbac600000,0x000000cbac700000] [id=12316]
  0x0000020ac9420800 ConcurrentGCThread "G1 Refine#0" [stack: 0x000000cbac700000,0x000000cbac800000] [id=15888]
  0x0000020ac9421800 ConcurrentGCThread "G1 Refine#1" [stack: 0x000000cbac800000,0x000000cbac900000] [id=13536]
  0x0000020ac9422800 ConcurrentGCThread "G1 Refine#2" [stack: 0x000000cbac900000,0x000000cbaca00000] [id=2672]
  0x0000020ac9426800 ConcurrentGCThread "G1 Refine#3" [stack: 0x000000cbaca00000,0x000000cbacb00000] [id=8876]
  0x0000020ac9427000 ConcurrentGCThread "G1 Refine#4" [stack: 0x000000cbacb00000,0x000000cbacc00000] [id=6468]
  0x0000020ac9428000 ConcurrentGCThread "G1 Refine#5" [stack: 0x000000cbacc00000,0x000000cbacd00000] [id=16992]
  0x0000020ac9432800 ConcurrentGCThread "G1 Refine#6" [stack: 0x000000cbacd00000,0x000000cbace00000] [id=9024]
  0x0000020ac9435800 ConcurrentGCThread "G1 Refine#7" [stack: 0x000000cbace00000,0x000000cbacf00000] [id=4628]
  0x0000020ac9436000 ConcurrentGCThread "G1 Refine#8" [stack: 0x000000cbacf00000,0x000000cbad000000] [id=108]
  0x0000020ac9436800 ConcurrentGCThread "G1 Refine#9" [stack: 0x000000cbad000000,0x000000cbad100000] [id=9360]
  0x0000020ac9437800 ConcurrentGCThread "G1 Young RemSet Sampling" [stack: 0x000000cbad100000,0x000000cbad200000] [id=16684]

Threads with active compile tasks:

VM state:synchronizing (normal execution)

VM Mutex/Monitor currently owned by a thread:  ([mutex/lock_event])
[0x0000020aa526e0a0] Threads_lock - owner thread: 0x0000020acc955000

Heap address: 0x00000006c1000000, size: 4080 MB, Compressed Oops mode: Zero based, Oop shift amount: 3
Narrow klass base: 0x0000000000000000, Narrow klass shift: 3
Compressed class space size: 1073741824 Address: 0x00000007c0000000

Heap:
 garbage-first heap   total 262144K, used 47326K [0x00000006c1000000, 0x00000007c0000000)
  region size 1024K, 47 young (48128K), 1 survivors (1024K)
 Metaspace       used 7322K, capacity 7405K, committed 7552K, reserved 1056768K
  class space    used 600K, capacity 612K, committed 640K, reserved 1048576K
Heap Regions: E=young(eden), S=young(survivor), O=old, HS=humongous(starts), HC=humongous(continues), CS=collection set, F=free, A=archive, TS=gc time stamp, AC=allocation context, TAMS=top-at-mark-start (previous, next)
|   0|0x00000006c1000000, 0x00000006c1100000, 0x00000006c1100000|100%| O|  |TS 16|AC  0|TAMS 0x00000006c1000000, 0x00000006c1000000|
|   1|0x00000006c1100000, 0x00000006c1135800, 0x00000006c1200000| 20%| O|  |TS7587|AC  0|TAMS 0x00000006c1100000, 0x00000006c1100000|
|   2|0x00000006c1200000, 0x00000006c1200000, 0x00000006c1300000|  0%| F|  |TS  0|AC  0|TAMS 0x00000006c1200000, 0x00000006c1200000|
|   3|0x00000006c1300000, 0x00000006c1300000, 0x00000006c1400000|  0%| F|  |TS  0|AC  0|TAMS 0x00000006c1300000, 0x00000006c1300000|
|   4|0x00000006c1400000, 0x00000006c1400000, 0x00000006c1500000|  0%| F|  |TS  0|AC  0|TAMS 0x00000006c1400000, 0x00000006c1400000|
|   5|0x00000006c1500000, 0x00000006c1500000, 0x00000006c1600000|  0%| F|  |TS  0|AC  0|TAMS 0x00000006c1500000, 0x00000006c1500000|
|   6|0x00000006c1600000, 0x00000006c1600000, 0x00000006c1700000|  0%| F|  |TS  0|AC  0|TAMS 0x00000006c1600000, 0x00000006c1600000|
|   7|0x00000006c1700000, 0x00000006c1700000, 0x00000006c1800000|  0%| F|  |TS  0|AC  0|TAMS 0x00000006c1700000, 0x00000006c1700000|
|   8|0x00000006c1800000, 0x00000006c1800000, 0x00000006c1900000|  0%| F|  |TS  0|AC  0|TAMS 0x00000006c1800000, 0x00000006c1800000|
|   9|0x00000006c1900000, 0x00000006c1900000, 0x00000006c1a00000|  0%| F|  |TS  0|AC  0|TAMS 0x00000006c1900000, 0x00000006c1900000|
|  10|0x00000006c1a00000, 0x00000006c1a00000, 0x00000006c1b00000|  0%| F|  |TS  0|AC  0|TAMS 0x00000006c1a00000, 0x00000006c1a00000|
|  11|0x00000006c1b00000, 0x00000006c1b00000, 0x00000006c1c00000|  0%| F|  |TS  0|AC  0|TAMS 0x00000006c1b00000, 0x00000006c1b00000|
|  12|0x00000006c1c00000, 0x00000006c1c00000, 0x00000006c1d00000|  0%| F|  |TS  0|AC  0|TAMS 0x00000006c1c00000, 0x00000006c1c00000|
|  13|0x00000006c1d00000, 0x00000006c1d00000, 0x00000006c1e00000|  0%| F|  |TS  0|AC  0|TAMS 0x00000006c1d00000, 0x00000006c1d00000|
|  14|0x00000006c1e00000, 0x00000006c1e00000, 0x00000006c1f00000|  0%| F|  |TS  0|AC  0|TAMS 0x00000006c1e00000, 0x00000006c1e00000|
|  15|0x00000006c1f00000, 0x00000006c1f00000, 0x00000006c2000000|  0%| F|  |TS  0|AC  0|TAMS 0x00000006c1f00000, 0x00000006c1f00000|
|  16|0x00000006c2000000, 0x00000006c2000000, 0x00000006c2100000|  0%| F|  |TS  0|AC  0|TAMS 0x00000006c2000000, 0x00000006c2000000|
|  17|0x00000006c2100000, 0x00000006c2100000, 0x00000006c2200000|  0%| F|  |TS  0|AC  0|TAMS 0x00000006c2100000, 0x00000006c2100000|
|  18|0x00000006c2200000, 0x00000006c2200000, 0x00000006c2300000|  0%| F|  |TS  0|AC  0|TAMS 0x00000006c2200000, 0x00000006c2200000|
|  19|0x00000006c2300000, 0x00000006c2300000, 0x00000006c2400000|  0%| F|  |TS  0|AC  0|TAMS 0x00000006c2300000, 0x00000006c2300000|
|  20|0x00000006c2400000, 0x00000006c2400000, 0x00000006c2500000|  0%| F|  |TS  0|AC  0|TAMS 0x00000006c2400000, 0x00000006c2400000|
|  21|0x00000006c2500000, 0x00000006c2500000, 0x00000006c2600000|  0%| F|  |TS  0|AC  0|TAMS 0x00000006c2500000, 0x00000006c2500000|
|  22|0x00000006c2600000, 0x00000006c2600000, 0x00000006c2700000|  0%| F|  |TS  0|AC  0|TAMS 0x00000006c2600000, 0x00000006c2600000|
|  23|0x00000006c2700000, 0x00000006c2700000, 0x00000006c2800000|  0%| F|  |TS  0|AC  0|TAMS 0x00000006c2700000, 0x00000006c2700000|
|  24|0x00000006c2800000, 0x00000006c2800000, 0x00000006c2900000|  0%| F|  |TS  0|AC  0|TAMS 0x00000006c2800000, 0x00000006c2800000|
|  25|0x00000006c2900000, 0x00000006c2900000, 0x00000006c2a00000|  0%| F|  |TS  0|AC  0|TAMS 0x00000006c2900000, 0x00000006c2900000|
|  26|0x00000006c2a00000, 0x00000006c2a00000, 0x00000006c2b00000|  0%| F|  |TS  0|AC  0|TAMS 0x00000006c2a00000, 0x00000006c2a00000|
|  27|0x00000006c2b00000, 0x00000006c2b00000, 0x00000006c2c00000|  0%| F|  |TS  0|AC  0|TAMS 0x00000006c2b00000, 0x00000006c2b00000|
|  28|0x00000006c2c00000, 0x00000006c2c00000, 0x00000006c2d00000|  0%| F|  |TS  0|AC  0|TAMS 0x00000006c2c00000, 0x00000006c2c00000|
|  29|0x00000006c2d00000, 0x00000006c2d00000, 0x00000006c2e00000|  0%| F|  |TS  0|AC  0|TAMS 0x00000006c2d00000, 0x00000006c2d00000|
|  30|0x00000006c2e00000, 0x00000006c2e00000, 0x00000006c2f00000|  0%| F|  |TS  0|AC  0|TAMS 0x00000006c2e00000, 0x00000006c2e00000|
|  31|0x00000006c2f00000, 0x00000006c2f00000, 0x00000006c3000000|  0%| F|  |TS  0|AC  0|TAMS 0x00000006c2f00000, 0x00000006c2f00000|
|  32|0x00000006c3000000, 0x00000006c3000000, 0x00000006c3100000|  0%| F|  |TS  0|AC  0|TAMS 0x00000006c3000000, 0x00000006c3000000|
|  33|0x00000006c3100000, 0x00000006c3100000, 0x00000006c3200000|  0%| F|  |TS  0|AC  0|TAMS 0x00000006c3100000, 0x00000006c3100000|
|  34|0x00000006c3200000, 0x00000006c3200000, 0x00000006c3300000|  0%| F|  |TS  0|AC  0|TAMS 0x00000006c3200000, 0x00000006c3200000|
|  35|0x00000006c3300000, 0x00000006c3300000, 0x00000006c3400000|  0%| F|  |TS  0|AC  0|TAMS 0x00000006c3300000, 0x00000006c3300000|
|  36|0x00000006c3400000, 0x00000006c3400000, 0x00000006c3500000|  0%| F|  |TS  0|AC  0|TAMS 0x00000006c3400000, 0x00000006c3400000|
|  37|0x00000006c3500000, 0x00000006c3500000, 0x00000006c3600000|  0%| F|  |TS  0|AC  0|TAMS 0x00000006c3500000, 0x00000006c3500000|
|  38|0x00000006c3600000, 0x00000006c3600000, 0x00000006c3700000|  0%| F|  |TS  0|AC  0|TAMS 0x00000006c3600000, 0x00000006c3600000|
|  39|0x00000006c3700000, 0x00000006c3700000, 0x00000006c3800000|  0%| F|  |TS  0|AC  0|TAMS 0x00000006c3700000, 0x00000006c3700000|
|  40|0x00000006c3800000, 0x00000006c3800000, 0x00000006c3900000|  0%| F|  |TS  0|AC  0|TAMS 0x00000006c3800000, 0x00000006c3800000|
|  41|0x00000006c3900000, 0x00000006c3900000, 0x00000006c3a00000|  0%| F|  |TS  0|AC  0|TAMS 0x00000006c3900000, 0x00000006c3900000|
|  42|0x00000006c3a00000, 0x00000006c3a00000, 0x00000006c3b00000|  0%| F|  |TS  0|AC  0|TAMS 0x00000006c3a00000, 0x00000006c3a00000|
|  43|0x00000006c3b00000, 0x00000006c3b00000, 0x00000006c3c00000|  0%| F|  |TS  0|AC  0|TAMS 0x00000006c3b00000, 0x00000006c3b00000|
|  44|0x00000006c3c00000, 0x00000006c3c00000, 0x00000006c3d00000|  0%| F|  |TS  0|AC  0|TAMS 0x00000006c3c00000, 0x00000006c3c00000|
|  45|0x00000006c3d00000, 0x00000006c3d00000, 0x00000006c3e00000|  0%| F|  |TS  0|AC  0|TAMS 0x00000006c3d00000, 0x00000006c3d00000|
|  46|0x00000006c3e00000, 0x00000006c3e00000, 0x00000006c3f00000|  0%| F|  |TS  0|AC  0|TAMS 0x00000006c3e00000, 0x00000006c3e00000|
|  47|0x00000006c3f00000, 0x00000006c3f00000, 0x00000006c4000000|  0%| F|  |TS  0|AC  0|TAMS 0x00000006c3f00000, 0x00000006c3f00000|
|  48|0x00000006c4000000, 0x00000006c4000000, 0x00000006c4100000|  0%| F|  |TS  0|AC  0|TAMS 0x00000006c4000000, 0x00000006c4000000|
|  49|0x00000006c4100000, 0x00000006c4100000, 0x00000006c4200000|  0%| F|  |TS  0|AC  0|TAMS 0x00000006c4100000, 0x00000006c4100000|
|  50|0x00000006c4200000, 0x00000006c4200000, 0x00000006c4300000|  0%| F|  |TS  0|AC  0|TAMS 0x00000006c4200000, 0x00000006c4200000|
|  51|0x00000006c4300000, 0x00000006c4300000, 0x00000006c4400000|  0%| F|  |TS  0|AC  0|TAMS 0x00000006c4300000, 0x00000006c4300000|
|  52|0x00000006c4400000, 0x00000006c4400000, 0x00000006c4500000|  0%| F|  |TS  0|AC  0|TAMS 0x00000006c4400000, 0x00000006c4400000|
|  53|0x00000006c4500000, 0x00000006c4500000, 0x00000006c4600000|  0%| F|  |TS  0|AC  0|TAMS 0x00000006c4500000, 0x00000006c4500000|
|  54|0x00000006c4600000, 0x00000006c4600000, 0x00000006c4700000|  0%| F|  |TS  0|AC  0|TAMS 0x00000006c4600000, 0x00000006c4600000|
|  55|0x00000006c4700000, 0x00000006c4700000, 0x00000006c4800000|  0%| F|  |TS  0|AC  0|TAMS 0x00000006c4700000, 0x00000006c4700000|
|  56|0x00000006c4800000, 0x00000006c4800000, 0x00000006c4900000|  0%| F|  |TS  0|AC  0|TAMS 0x00000006c4800000, 0x00000006c4800000|
|  57|0x00000006c4900000, 0x00000006c4900000, 0x00000006c4a00000|  0%| F|  |TS  0|AC  0|TAMS 0x00000006c4900000, 0x00000006c4900000|
|  58|0x00000006c4a00000, 0x00000006c4a00000, 0x00000006c4b00000|  0%| F|  |TS  0|AC  0|TAMS 0x00000006c4a00000, 0x00000006c4a00000|
|  59|0x00000006c4b00000, 0x00000006c4b00000, 0x00000006c4c00000|  0%| F|  |TS  0|AC  0|TAMS 0x00000006c4b00000, 0x00000006c4b00000|
|  60|0x00000006c4c00000, 0x00000006c4c00000, 0x00000006c4d00000|  0%| F|  |TS  0|AC  0|TAMS 0x00000006c4c00000, 0x00000006c4c00000|
|  61|0x00000006c4d00000, 0x00000006c4d00000, 0x00000006c4e00000|  0%| F|  |TS  0|AC  0|TAMS 0x00000006c4d00000, 0x00000006c4d00000|
|  62|0x00000006c4e00000, 0x00000006c4e00000, 0x00000006c4f00000|  0%| F|  |TS  0|AC  0|TAMS 0x00000006c4e00000, 0x00000006c4e00000|
|  63|0x00000006c4f00000, 0x00000006c4f00000, 0x00000006c5000000|  0%| F|  |TS  0|AC  0|TAMS 0x00000006c4f00000, 0x00000006c4f00000|
|  64|0x00000006c5000000, 0x00000006c5000000, 0x00000006c5100000|  0%| F|  |TS  0|AC  0|TAMS 0x00000006c5000000, 0x00000006c5000000|
|  65|0x00000006c5100000, 0x00000006c5100000, 0x00000006c5200000|  0%| F|  |TS  0|AC  0|TAMS 0x00000006c5100000, 0x00000006c5100000|
|  66|0x00000006c5200000, 0x00000006c5200000, 0x00000006c5300000|  0%| F|  |TS  0|AC  0|TAMS 0x00000006c5200000, 0x00000006c5200000|
|  67|0x00000006c5300000, 0x00000006c5300000, 0x00000006c5400000|  0%| F|  |TS  0|AC  0|TAMS 0x00000006c5300000, 0x00000006c5300000|
|  68|0x00000006c5400000, 0x00000006c5400000, 0x00000006c5500000|  0%| F|  |TS  0|AC  0|TAMS 0x00000006c5400000, 0x00000006c5400000|
|  69|0x00000006c5500000, 0x00000006c5500000, 0x00000006c5600000|  0%| F|  |TS  0|AC  0|TAMS 0x00000006c5500000, 0x00000006c5500000|
|  70|0x00000006c5600000, 0x00000006c5600000, 0x00000006c5700000|  0%| F|  |TS  0|AC  0|TAMS 0x00000006c5600000, 0x00000006c5600000|
|  71|0x00000006c5700000, 0x00000006c5700000, 0x00000006c5800000|  0%| F|  |TS  0|AC  0|TAMS 0x00000006c5700000, 0x00000006c5700000|
|  72|0x00000006c5800000, 0x00000006c5800000, 0x00000006c5900000|  0%| F|  |TS  0|AC  0|TAMS 0x00000006c5800000, 0x00000006c5800000|
|  73|0x00000006c5900000, 0x00000006c5900000, 0x00000006c5a00000|  0%| F|  |TS  0|AC  0|TAMS 0x00000006c5900000, 0x00000006c5900000|
|  74|0x00000006c5a00000, 0x00000006c5a00000, 0x00000006c5b00000|  0%| F|  |TS  0|AC  0|TAMS 0x00000006c5a00000, 0x00000006c5a00000|
|  75|0x00000006c5b00000, 0x00000006c5b00000, 0x00000006c5c00000|  0%| F|  |TS  0|AC  0|TAMS 0x00000006c5b00000, 0x00000006c5b00000|
|  76|0x00000006c5c00000, 0x00000006c5c00000, 0x00000006c5d00000|  0%| F|  |TS  0|AC  0|TAMS 0x00000006c5c00000, 0x00000006c5c00000|
|  77|0x00000006c5d00000, 0x00000006c5d00000, 0x00000006c5e00000|  0%| F|  |TS  0|AC  0|TAMS 0x00000006c5d00000, 0x00000006c5d00000|
|  78|0x00000006c5e00000, 0x00000006c5e00000, 0x00000006c5f00000|  0%| F|  |TS  0|AC  0|TAMS 0x00000006c5e00000, 0x00000006c5e00000|
|  79|0x00000006c5f00000, 0x00000006c5f00000, 0x00000006c6000000|  0%| F|  |TS  0|AC  0|TAMS 0x00000006c5f00000, 0x00000006c5f00000|
|  80|0x00000006c6000000, 0x00000006c6000000, 0x00000006c6100000|  0%| F|  |TS  0|AC  0|TAMS 0x00000006c6000000, 0x00000006c6000000|
|  81|0x00000006c6100000, 0x00000006c6100000, 0x00000006c6200000|  0%| F|  |TS  0|AC  0|TAMS 0x00000006c6100000, 0x00000006c6100000|
|  82|0x00000006c6200000, 0x00000006c6200000, 0x00000006c6300000|  0%| F|  |TS  0|AC  0|TAMS 0x00000006c6200000, 0x00000006c6200000|
|  83|0x00000006c6300000, 0x00000006c6300000, 0x00000006c6400000|  0%| F|  |TS  0|AC  0|TAMS 0x00000006c6300000, 0x00000006c6300000|
|  84|0x00000006c6400000, 0x00000006c6400000, 0x00000006c6500000|  0%| F|  |TS  0|AC  0|TAMS 0x00000006c6400000, 0x00000006c6400000|
|  85|0x00000006c6500000, 0x00000006c6500000, 0x00000006c6600000|  0%| F|  |TS  0|AC  0|TAMS 0x00000006c6500000, 0x00000006c6500000|
|  86|0x00000006c6600000, 0x00000006c6600000, 0x00000006c6700000|  0%| F|  |TS  0|AC  0|TAMS 0x00000006c6600000, 0x00000006c6600000|
|  87|0x00000006c6700000, 0x00000006c6700000, 0x00000006c6800000|  0%| F|  |TS  0|AC  0|TAMS 0x00000006c6700000, 0x00000006c6700000|
|  88|0x00000006c6800000, 0x00000006c6800000, 0x00000006c6900000|  0%| F|  |TS  0|AC  0|TAMS 0x00000006c6800000, 0x00000006c6800000|
|  89|0x00000006c6900000, 0x00000006c6900000, 0x00000006c6a00000|  0%| F|  |TS  0|AC  0|TAMS 0x00000006c6900000, 0x00000006c6900000|
|  90|0x00000006c6a00000, 0x00000006c6a00000, 0x00000006c6b00000|  0%| F|  |TS  0|AC  0|TAMS 0x00000006c6a00000, 0x00000006c6a00000|
|  91|0x00000006c6b00000, 0x00000006c6b00000, 0x00000006c6c00000|  0%| F|  |TS  0|AC  0|TAMS 0x00000006c6b00000, 0x00000006c6b00000|
|  92|0x00000006c6c00000, 0x00000006c6c00000, 0x00000006c6d00000|  0%| F|  |TS  0|AC  0|TAMS 0x00000006c6c00000, 0x00000006c6c00000|
|  93|0x00000006c6d00000, 0x00000006c6d00000, 0x00000006c6e00000|  0%| F|  |TS  0|AC  0|TAMS 0x00000006c6d00000, 0x00000006c6d00000|
|  94|0x00000006c6e00000, 0x00000006c6e00000, 0x00000006c6f00000|  0%| F|  |TS  0|AC  0|TAMS 0x00000006c6e00000, 0x00000006c6e00000|
|  95|0x00000006c6f00000, 0x00000006c6f00000, 0x00000006c7000000|  0%| F|  |TS  0|AC  0|TAMS 0x00000006c6f00000, 0x00000006c6f00000|
|  96|0x00000006c7000000, 0x00000006c7000000, 0x00000006c7100000|  0%| F|  |TS  0|AC  0|TAMS 0x00000006c7000000, 0x00000006c7000000|
|  97|0x00000006c7100000, 0x00000006c7100000, 0x00000006c7200000|  0%| F|  |TS  0|AC  0|TAMS 0x00000006c7100000, 0x00000006c7100000|
|  98|0x00000006c7200000, 0x00000006c7200000, 0x00000006c7300000|  0%| F|  |TS  0|AC  0|TAMS 0x00000006c7200000, 0x00000006c7200000|
|  99|0x00000006c7300000, 0x00000006c7300000, 0x00000006c7400000|  0%| F|  |TS  0|AC  0|TAMS 0x00000006c7300000, 0x00000006c7300000|
| 100|0x00000006c7400000, 0x00000006c7400000, 0x00000006c7500000|  0%| F|  |TS  0|AC  0|TAMS 0x00000006c7400000, 0x00000006c7400000|
| 101|0x00000006c7500000, 0x00000006c7500000, 0x00000006c7600000|  0%| F|  |TS 15|AC  0|TAMS 0x00000006c7500000, 0x00000006c7500000|
| 102|0x00000006c7600000, 0x00000006c7600000, 0x00000006c7700000|  0%| F|  |TS7587|AC  0|TAMS 0x00000006c7600000, 0x00000006c7600000|
| 103|0x00000006c7700000, 0x00000006c7702040, 0x00000006c7800000|  0%| S|CS|TS7587|AC  0|TAMS 0x00000006c7700000, 0x00000006c7700000|
| 104|0x00000006c7800000, 0x00000006c7800000, 0x00000006c7900000|  0%| F|  |TS7587|AC  0|TAMS 0x00000006c7800000, 0x00000006c7800000|
| 105|0x00000006c7900000, 0x00000006c7900000, 0x00000006c7a00000|  0%| F|  |TS7587|AC  0|TAMS 0x00000006c7900000, 0x00000006c7900000|
| 106|0x00000006c7a00000, 0x00000006c7a00000, 0x00000006c7b00000|  0%| F|  |TS7587|AC  0|TAMS 0x00000006c7a00000, 0x00000006c7a00000|
| 107|0x00000006c7b00000, 0x00000006c7b00000, 0x00000006c7c00000|  0%| F|  |TS7587|AC  0|TAMS 0x00000006c7b00000, 0x00000006c7b00000|
| 108|0x00000006c7c00000, 0x00000006c7c00000, 0x00000006c7d00000|  0%| F|  |TS7587|AC  0|TAMS 0x00000006c7c00000, 0x00000006c7c00000|
| 109|0x00000006c7d00000, 0x00000006c7d00000, 0x00000006c7e00000|  0%| F|  |TS7587|AC  0|TAMS 0x00000006c7d00000, 0x00000006c7d00000|
| 110|0x00000006c7e00000, 0x00000006c7e00000, 0x00000006c7f00000|  0%| F|  |TS7587|AC  0|TAMS 0x00000006c7e00000, 0x00000006c7e00000|
| 111|0x00000006c7f00000, 0x00000006c7f00000, 0x00000006c8000000|  0%| F|  |TS7587|AC  0|TAMS 0x00000006c7f00000, 0x00000006c7f00000|
| 112|0x00000006c8000000, 0x00000006c8000000, 0x00000006c8100000|  0%| F|  |TS7587|AC  0|TAMS 0x00000006c8000000, 0x00000006c8000000|
| 113|0x00000006c8100000, 0x00000006c8100000, 0x00000006c8200000|  0%| F|  |TS7587|AC  0|TAMS 0x00000006c8100000, 0x00000006c8100000|
| 114|0x00000006c8200000, 0x00000006c8200000, 0x00000006c8300000|  0%| F|  |TS7587|AC  0|TAMS 0x00000006c8200000, 0x00000006c8200000|
| 115|0x00000006c8300000, 0x00000006c8300000, 0x00000006c8400000|  0%| F|  |TS7587|AC  0|TAMS 0x00000006c8300000, 0x00000006c8300000|
| 116|0x00000006c8400000, 0x00000006c8400000, 0x00000006c8500000|  0%| F|  |TS7587|AC  0|TAMS 0x00000006c8400000, 0x00000006c8400000|
| 117|0x00000006c8500000, 0x00000006c8500000, 0x00000006c8600000|  0%| F|  |TS7587|AC  0|TAMS 0x00000006c8500000, 0x00000006c8500000|
| 118|0x00000006c8600000, 0x00000006c8600000, 0x00000006c8700000|  0%| F|  |TS7587|AC  0|TAMS 0x00000006c8600000, 0x00000006c8600000|
| 119|0x00000006c8700000, 0x00000006c8700000, 0x00000006c8800000|  0%| F|  |TS7587|AC  0|TAMS 0x00000006c8700000, 0x00000006c8700000|
| 120|0x00000006c8800000, 0x00000006c8800000, 0x00000006c8900000|  0%| F|  |TS7587|AC  0|TAMS 0x00000006c8800000, 0x00000006c8800000|
| 121|0x00000006c8900000, 0x00000006c8900000, 0x00000006c8a00000|  0%| F|  |TS7587|AC  0|TAMS 0x00000006c8900000, 0x00000006c8900000|
| 122|0x00000006c8a00000, 0x00000006c8a00000, 0x00000006c8b00000|  0%| F|  |TS7587|AC  0|TAMS 0x00000006c8a00000, 0x00000006c8a00000|
| 123|0x00000006c8b00000, 0x00000006c8b00000, 0x00000006c8c00000|  0%| F|  |TS7587|AC  0|TAMS 0x00000006c8b00000, 0x00000006c8b00000|
| 124|0x00000006c8c00000, 0x00000006c8c00000, 0x00000006c8d00000|  0%| F|  |TS7587|AC  0|TAMS 0x00000006c8c00000, 0x00000006c8c00000|
| 125|0x00000006c8d00000, 0x00000006c8d00000, 0x00000006c8e00000|  0%| F|  |TS7587|AC  0|TAMS 0x00000006c8d00000, 0x00000006c8d00000|
| 126|0x00000006c8e00000, 0x00000006c8e00000, 0x00000006c8f00000|  0%| F|  |TS7587|AC  0|TAMS 0x00000006c8e00000, 0x00000006c8e00000|
| 127|0x00000006c8f00000, 0x00000006c8f00000, 0x00000006c9000000|  0%| F|  |TS7587|AC  0|TAMS 0x00000006c8f00000, 0x00000006c8f00000|
| 128|0x00000006c9000000, 0x00000006c9000000, 0x00000006c9100000|  0%| F|  |TS7587|AC  0|TAMS 0x00000006c9000000, 0x00000006c9000000|
| 129|0x00000006c9100000, 0x00000006c9100000, 0x00000006c9200000|  0%| F|  |TS7587|AC  0|TAMS 0x00000006c9100000, 0x00000006c9100000|
| 130|0x00000006c9200000, 0x00000006c9200000, 0x00000006c9300000|  0%| F|  |TS7587|AC  0|TAMS 0x00000006c9200000, 0x00000006c9200000|
| 131|0x00000006c9300000, 0x00000006c9300000, 0x00000006c9400000|  0%| F|  |TS7587|AC  0|TAMS 0x00000006c9300000, 0x00000006c9300000|
| 132|0x00000006c9400000, 0x00000006c9400000, 0x00000006c9500000|  0%| F|  |TS7587|AC  0|TAMS 0x00000006c9400000, 0x00000006c9400000|
| 133|0x00000006c9500000, 0x00000006c9500000, 0x00000006c9600000|  0%| F|  |TS7587|AC  0|TAMS 0x00000006c9500000, 0x00000006c9500000|
| 134|0x00000006c9600000, 0x00000006c9600000, 0x00000006c9700000|  0%| F|  |TS7587|AC  0|TAMS 0x00000006c9600000, 0x00000006c9600000|
| 135|0x00000006c9700000, 0x00000006c9700000, 0x00000006c9800000|  0%| F|  |TS7587|AC  0|TAMS 0x00000006c9700000, 0x00000006c9700000|
| 136|0x00000006c9800000, 0x00000006c9800000, 0x00000006c9900000|  0%| F|  |TS7587|AC  0|TAMS 0x00000006c9800000, 0x00000006c9800000|
| 137|0x00000006c9900000, 0x00000006c9900000, 0x00000006c9a00000|  0%| F|  |TS7587|AC  0|TAMS 0x00000006c9900000, 0x00000006c9900000|
| 138|0x00000006c9a00000, 0x00000006c9a00000, 0x00000006c9b00000|  0%| F|  |TS7587|AC  0|TAMS 0x00000006c9a00000, 0x00000006c9a00000|
| 139|0x00000006c9b00000, 0x00000006c9b00000, 0x00000006c9c00000|  0%| F|  |TS7587|AC  0|TAMS 0x00000006c9b00000, 0x00000006c9b00000|
| 140|0x00000006c9c00000, 0x00000006c9c00000, 0x00000006c9d00000|  0%| F|  |TS7587|AC  0|TAMS 0x00000006c9c00000, 0x00000006c9c00000|
| 141|0x00000006c9d00000, 0x00000006c9d00000, 0x00000006c9e00000|  0%| F|  |TS7587|AC  0|TAMS 0x00000006c9d00000, 0x00000006c9d00000|
| 142|0x00000006c9e00000, 0x00000006c9e00000, 0x00000006c9f00000|  0%| F|  |TS7587|AC  0|TAMS 0x00000006c9e00000, 0x00000006c9e00000|
| 143|0x00000006c9f00000, 0x00000006c9f00000, 0x00000006ca000000|  0%| F|  |TS7587|AC  0|TAMS 0x00000006c9f00000, 0x00000006c9f00000|
| 144|0x00000006ca000000, 0x00000006ca000000, 0x00000006ca100000|  0%| F|  |TS7587|AC  0|TAMS 0x00000006ca000000, 0x00000006ca000000|
| 145|0x00000006ca100000, 0x00000006ca100000, 0x00000006ca200000|  0%| F|  |TS7587|AC  0|TAMS 0x00000006ca100000, 0x00000006ca100000|
| 146|0x00000006ca200000, 0x00000006ca200000, 0x00000006ca300000|  0%| F|  |TS7587|AC  0|TAMS 0x00000006ca200000, 0x00000006ca200000|
| 147|0x00000006ca300000, 0x00000006ca300000, 0x00000006ca400000|  0%| F|  |TS7587|AC  0|TAMS 0x00000006ca300000, 0x00000006ca300000|
| 148|0x00000006ca400000, 0x00000006ca400000, 0x00000006ca500000|  0%| F|  |TS7587|AC  0|TAMS 0x00000006ca400000, 0x00000006ca400000|
| 149|0x00000006ca500000, 0x00000006ca500000, 0x00000006ca600000|  0%| F|  |TS7587|AC  0|TAMS 0x00000006ca500000, 0x00000006ca500000|
| 150|0x00000006ca600000, 0x00000006ca600000, 0x00000006ca700000|  0%| F|  |TS7587|AC  0|TAMS 0x00000006ca600000, 0x00000006ca600000|
| 151|0x00000006ca700000, 0x00000006ca700000, 0x00000006ca800000|  0%| F|  |TS7587|AC  0|TAMS 0x00000006ca700000, 0x00000006ca700000|
| 152|0x00000006ca800000, 0x00000006ca800000, 0x00000006ca900000|  0%| F|  |TS7587|AC  0|TAMS 0x00000006ca800000, 0x00000006ca800000|
| 153|0x00000006ca900000, 0x00000006ca900000, 0x00000006caa00000|  0%| F|  |TS7587|AC  0|TAMS 0x00000006ca900000, 0x00000006ca900000|
| 154|0x00000006caa00000, 0x00000006caa00000, 0x00000006cab00000|  0%| F|  |TS7587|AC  0|TAMS 0x00000006caa00000, 0x00000006caa00000|
| 155|0x00000006cab00000, 0x00000006cab00000, 0x00000006cac00000|  0%| F|  |TS7587|AC  0|TAMS 0x00000006cab00000, 0x00000006cab00000|
| 156|0x00000006cac00000, 0x00000006cac00000, 0x00000006cad00000|  0%| F|  |TS7587|AC  0|TAMS 0x00000006cac00000, 0x00000006cac00000|
| 157|0x00000006cad00000, 0x00000006cad00000, 0x00000006cae00000|  0%| F|  |TS7587|AC  0|TAMS 0x00000006cad00000, 0x00000006cad00000|
| 158|0x00000006cae00000, 0x00000006cae00000, 0x00000006caf00000|  0%| F|  |TS7587|AC  0|TAMS 0x00000006cae00000, 0x00000006cae00000|
| 159|0x00000006caf00000, 0x00000006caf00000, 0x00000006cb000000|  0%| F|  |TS7587|AC  0|TAMS 0x00000006caf00000, 0x00000006caf00000|
| 160|0x00000006cb000000, 0x00000006cb000000, 0x00000006cb100000|  0%| F|  |TS7587|AC  0|TAMS 0x00000006cb000000, 0x00000006cb000000|
| 161|0x00000006cb100000, 0x00000006cb100000, 0x00000006cb200000|  0%| F|  |TS7587|AC  0|TAMS 0x00000006cb100000, 0x00000006cb100000|
| 162|0x00000006cb200000, 0x00000006cb200000, 0x00000006cb300000|  0%| F|  |TS7587|AC  0|TAMS 0x00000006cb200000, 0x00000006cb200000|
| 163|0x00000006cb300000, 0x00000006cb300000, 0x00000006cb400000|  0%| F|  |TS7587|AC  0|TAMS 0x00000006cb300000, 0x00000006cb300000|
| 164|0x00000006cb400000, 0x00000006cb400000, 0x00000006cb500000|  0%| F|  |TS7587|AC  0|TAMS 0x00000006cb400000, 0x00000006cb400000|
| 165|0x00000006cb500000, 0x00000006cb500000, 0x00000006cb600000|  0%| F|  |TS7587|AC  0|TAMS 0x00000006cb500000, 0x00000006cb500000|
| 166|0x00000006cb600000, 0x00000006cb600000, 0x00000006cb700000|  0%| F|  |TS7587|AC  0|TAMS 0x00000006cb600000, 0x00000006cb600000|
| 167|0x00000006cb700000, 0x00000006cb700000, 0x00000006cb800000|  0%| F|  |TS7587|AC  0|TAMS 0x00000006cb700000, 0x00000006cb700000|
| 168|0x00000006cb800000, 0x00000006cb800000, 0x00000006cb900000|  0%| F|  |TS7587|AC  0|TAMS 0x00000006cb800000, 0x00000006cb800000|
| 169|0x00000006cb900000, 0x00000006cb900000, 0x00000006cba00000|  0%| F|  |TS7587|AC  0|TAMS 0x00000006cb900000, 0x00000006cb900000|
| 170|0x00000006cba00000, 0x00000006cba00000, 0x00000006cbb00000|  0%| F|  |TS7587|AC  0|TAMS 0x00000006cba00000, 0x00000006cba00000|
| 171|0x00000006cbb00000, 0x00000006cbb00000, 0x00000006cbc00000|  0%| F|  |TS7587|AC  0|TAMS 0x00000006cbb00000, 0x00000006cbb00000|
| 172|0x00000006cbc00000, 0x00000006cbc00000, 0x00000006cbd00000|  0%| F|  |TS7587|AC  0|TAMS 0x00000006cbc00000, 0x00000006cbc00000|
| 173|0x00000006cbd00000, 0x00000006cbd00000, 0x00000006cbe00000|  0%| F|  |TS7587|AC  0|TAMS 0x00000006cbd00000, 0x00000006cbd00000|
| 174|0x00000006cbe00000, 0x00000006cbe00000, 0x00000006cbf00000|  0%| F|  |TS7587|AC  0|TAMS 0x00000006cbe00000, 0x00000006cbe00000|
| 175|0x00000006cbf00000, 0x00000006cbf00000, 0x00000006cc000000|  0%| F|  |TS7587|AC  0|TAMS 0x00000006cbf00000, 0x00000006cbf00000|
| 176|0x00000006cc000000, 0x00000006cc000000, 0x00000006cc100000|  0%| F|  |TS7587|AC  0|TAMS 0x00000006cc000000, 0x00000006cc000000|
| 177|0x00000006cc100000, 0x00000006cc100000, 0x00000006cc200000|  0%| F|  |TS7587|AC  0|TAMS 0x00000006cc100000, 0x00000006cc100000|
| 178|0x00000006cc200000, 0x00000006cc200000, 0x00000006cc300000|  0%| F|  |TS7587|AC  0|TAMS 0x00000006cc200000, 0x00000006cc200000|
| 179|0x00000006cc300000, 0x00000006cc300000, 0x00000006cc400000|  0%| F|  |TS7587|AC  0|TAMS 0x00000006cc300000, 0x00000006cc300000|
| 180|0x00000006cc400000, 0x00000006cc400000, 0x00000006cc500000|  0%| F|  |TS7587|AC  0|TAMS 0x00000006cc400000, 0x00000006cc400000|
| 181|0x00000006cc500000, 0x00000006cc500000, 0x00000006cc600000|  0%| F|  |TS7587|AC  0|TAMS 0x00000006cc500000, 0x00000006cc500000|
| 182|0x00000006cc600000, 0x00000006cc600000, 0x00000006cc700000|  0%| F|  |TS7587|AC  0|TAMS 0x00000006cc600000, 0x00000006cc600000|
| 183|0x00000006cc700000, 0x00000006cc700000, 0x00000006cc800000|  0%| F|  |TS7587|AC  0|TAMS 0x00000006cc700000, 0x00000006cc700000|
| 184|0x00000006cc800000, 0x00000006cc800000, 0x00000006cc900000|  0%| F|  |TS7587|AC  0|TAMS 0x00000006cc800000, 0x00000006cc800000|
| 185|0x00000006cc900000, 0x00000006cc900000, 0x00000006cca00000|  0%| F|  |TS7587|AC  0|TAMS 0x00000006cc900000, 0x00000006cc900000|
| 186|0x00000006cca00000, 0x00000006cca00000, 0x00000006ccb00000|  0%| F|  |TS7587|AC  0|TAMS 0x00000006cca00000, 0x00000006cca00000|
| 187|0x00000006ccb00000, 0x00000006ccb00000, 0x00000006ccc00000|  0%| F|  |TS7587|AC  0|TAMS 0x00000006ccb00000, 0x00000006ccb00000|
| 188|0x00000006ccc00000, 0x00000006ccc00000, 0x00000006ccd00000|  0%| F|  |TS7587|AC  0|TAMS 0x00000006ccc00000, 0x00000006ccc00000|
| 189|0x00000006ccd00000, 0x00000006ccd00000, 0x00000006cce00000|  0%| F|  |TS7587|AC  0|TAMS 0x00000006ccd00000, 0x00000006ccd00000|
| 190|0x00000006cce00000, 0x00000006cce00000, 0x00000006ccf00000|  0%| F|  |TS7587|AC  0|TAMS 0x00000006cce00000, 0x00000006cce00000|
| 191|0x00000006ccf00000, 0x00000006ccf00000, 0x00000006cd000000|  0%| F|  |TS7587|AC  0|TAMS 0x00000006ccf00000, 0x00000006ccf00000|
| 192|0x00000006cd000000, 0x00000006cd000000, 0x00000006cd100000|  0%| F|  |TS7587|AC  0|TAMS 0x00000006cd000000, 0x00000006cd000000|
| 193|0x00000006cd100000, 0x00000006cd100000, 0x00000006cd200000|  0%| F|  |TS7587|AC  0|TAMS 0x00000006cd100000, 0x00000006cd100000|
| 194|0x00000006cd200000, 0x00000006cd200000, 0x00000006cd300000|  0%| F|  |TS7587|AC  0|TAMS 0x00000006cd200000, 0x00000006cd200000|
| 195|0x00000006cd300000, 0x00000006cd300000, 0x00000006cd400000|  0%| F|  |TS7587|AC  0|TAMS 0x00000006cd300000, 0x00000006cd300000|
| 196|0x00000006cd400000, 0x00000006cd400000, 0x00000006cd500000|  0%| F|  |TS7587|AC  0|TAMS 0x00000006cd400000, 0x00000006cd400000|
| 197|0x00000006cd500000, 0x00000006cd500000, 0x00000006cd600000|  0%| F|  |TS7587|AC  0|TAMS 0x00000006cd500000, 0x00000006cd500000|
| 198|0x00000006cd600000, 0x00000006cd600000, 0x00000006cd700000|  0%| F|  |TS7587|AC  0|TAMS 0x00000006cd600000, 0x00000006cd600000|
| 199|0x00000006cd700000, 0x00000006cd700000, 0x00000006cd800000|  0%| F|  |TS7587|AC  0|TAMS 0x00000006cd700000, 0x00000006cd700000|
| 200|0x00000006cd800000, 0x00000006cd800000, 0x00000006cd900000|  0%| F|  |TS7587|AC  0|TAMS 0x00000006cd800000, 0x00000006cd800000|
| 201|0x00000006cd900000, 0x00000006cd900000, 0x00000006cda00000|  0%| F|  |TS7587|AC  0|TAMS 0x00000006cd900000, 0x00000006cd900000|
| 202|0x00000006cda00000, 0x00000006cda00000, 0x00000006cdb00000|  0%| F|  |TS7587|AC  0|TAMS 0x00000006cda00000, 0x00000006cda00000|
| 203|0x00000006cdb00000, 0x00000006cdb00000, 0x00000006cdc00000|  0%| F|  |TS7587|AC  0|TAMS 0x00000006cdb00000, 0x00000006cdb00000|
| 204|0x00000006cdc00000, 0x00000006cdc00000, 0x00000006cdd00000|  0%| F|  |TS7587|AC  0|TAMS 0x00000006cdc00000, 0x00000006cdc00000|
| 205|0x00000006cdd00000, 0x00000006cdd00000, 0x00000006cde00000|  0%| F|  |TS7587|AC  0|TAMS 0x00000006cdd00000, 0x00000006cdd00000|
| 206|0x00000006cde00000, 0x00000006cde00000, 0x00000006cdf00000|  0%| F|  |TS7587|AC  0|TAMS 0x00000006cde00000, 0x00000006cde00000|
| 207|0x00000006cdf00000, 0x00000006cdf00000, 0x00000006ce000000|  0%| F|  |TS7587|AC  0|TAMS 0x00000006cdf00000, 0x00000006cdf00000|
| 208|0x00000006ce000000, 0x00000006ce000000, 0x00000006ce100000|  0%| F|  |TS7587|AC  0|TAMS 0x00000006ce000000, 0x00000006ce000000|
| 209|0x00000006ce100000, 0x00000006ce100000, 0x00000006ce200000|  0%| F|  |TS7587|AC  0|TAMS 0x00000006ce100000, 0x00000006ce100000|
| 210|0x00000006ce200000, 0x00000006ce280800, 0x00000006ce300000| 50%| E|  |TS7587|AC  0|TAMS 0x00000006ce200000, 0x00000006ce200000|
| 211|0x00000006ce300000, 0x00000006ce400000, 0x00000006ce400000|100%| E|CS|TS7587|AC  0|TAMS 0x00000006ce300000, 0x00000006ce300000|
| 212|0x00000006ce400000, 0x00000006ce500000, 0x00000006ce500000|100%| E|CS|TS7587|AC  0|TAMS 0x00000006ce400000, 0x00000006ce400000|
| 213|0x00000006ce500000, 0x00000006ce600000, 0x00000006ce600000|100%| E|CS|TS7587|AC  0|TAMS 0x00000006ce500000, 0x00000006ce500000|
| 214|0x00000006ce600000, 0x00000006ce700000, 0x00000006ce700000|100%| E|CS|TS7587|AC  0|TAMS 0x00000006ce600000, 0x00000006ce600000|
| 215|0x00000006ce700000, 0x00000006ce800000, 0x00000006ce800000|100%| E|CS|TS7587|AC  0|TAMS 0x00000006ce700000, 0x00000006ce700000|
| 216|0x00000006ce800000, 0x00000006ce900000, 0x00000006ce900000|100%| E|CS|TS7587|AC  0|TAMS 0x00000006ce800000, 0x00000006ce800000|
| 217|0x00000006ce900000, 0x00000006cea00000, 0x00000006cea00000|100%| E|CS|TS7587|AC  0|TAMS 0x00000006ce900000, 0x00000006ce900000|
| 218|0x00000006cea00000, 0x00000006ceb00000, 0x00000006ceb00000|100%| E|CS|TS7587|AC  0|TAMS 0x00000006cea00000, 0x00000006cea00000|
| 219|0x00000006ceb00000, 0x00000006cec00000, 0x00000006cec00000|100%| E|CS|TS7587|AC  0|TAMS 0x00000006ceb00000, 0x00000006ceb00000|
| 220|0x00000006cec00000, 0x00000006ced00000, 0x00000006ced00000|100%| E|CS|TS7587|AC  0|TAMS 0x00000006cec00000, 0x00000006cec00000|
| 221|0x00000006ced00000, 0x00000006cee00000, 0x00000006cee00000|100%| E|CS|TS7587|AC  0|TAMS 0x00000006ced00000, 0x00000006ced00000|
| 222|0x00000006cee00000, 0x00000006cef00000, 0x00000006cef00000|100%| E|CS|TS7587|AC  0|TAMS 0x00000006cee00000, 0x00000006cee00000|
| 223|0x00000006cef00000, 0x00000006cf000000, 0x00000006cf000000|100%| E|CS|TS7587|AC  0|TAMS 0x00000006cef00000, 0x00000006cef00000|
| 224|0x00000006cf000000, 0x00000006cf100000, 0x00000006cf100000|100%| E|CS|TS7587|AC  0|TAMS 0x00000006cf000000, 0x00000006cf000000|
| 225|0x00000006cf100000, 0x00000006cf200000, 0x00000006cf200000|100%| E|CS|TS7587|AC  0|TAMS 0x00000006cf100000, 0x00000006cf100000|
| 226|0x00000006cf200000, 0x00000006cf300000, 0x00000006cf300000|100%| E|CS|TS7587|AC  0|TAMS 0x00000006cf200000, 0x00000006cf200000|
| 227|0x00000006cf300000, 0x00000006cf400000, 0x00000006cf400000|100%| E|CS|TS7587|AC  0|TAMS 0x00000006cf300000, 0x00000006cf300000|
| 228|0x00000006cf400000, 0x00000006cf500000, 0x00000006cf500000|100%| E|CS|TS7587|AC  0|TAMS 0x00000006cf400000, 0x00000006cf400000|
| 229|0x00000006cf500000, 0x00000006cf600000, 0x00000006cf600000|100%| E|CS|TS7587|AC  0|TAMS 0x00000006cf500000, 0x00000006cf500000|
| 230|0x00000006cf600000, 0x00000006cf700000, 0x00000006cf700000|100%| E|CS|TS7587|AC  0|TAMS 0x00000006cf600000, 0x00000006cf600000|
| 231|0x00000006cf700000, 0x00000006cf800000, 0x00000006cf800000|100%| E|CS|TS7587|AC  0|TAMS 0x00000006cf700000, 0x00000006cf700000|
| 232|0x00000006cf800000, 0x00000006cf900000, 0x00000006cf900000|100%| E|CS|TS7587|AC  0|TAMS 0x00000006cf800000, 0x00000006cf800000|
| 233|0x00000006cf900000, 0x00000006cfa00000, 0x00000006cfa00000|100%| E|CS|TS7587|AC  0|TAMS 0x00000006cf900000, 0x00000006cf900000|
| 234|0x00000006cfa00000, 0x00000006cfb00000, 0x00000006cfb00000|100%| E|CS|TS7587|AC  0|TAMS 0x00000006cfa00000, 0x00000006cfa00000|
| 235|0x00000006cfb00000, 0x00000006cfc00000, 0x00000006cfc00000|100%| E|CS|TS7587|AC  0|TAMS 0x00000006cfb00000, 0x00000006cfb00000|
| 236|0x00000006cfc00000, 0x00000006cfd00000, 0x00000006cfd00000|100%| E|CS|TS7587|AC  0|TAMS 0x00000006cfc00000, 0x00000006cfc00000|
| 237|0x00000006cfd00000, 0x00000006cfe00000, 0x00000006cfe00000|100%| E|CS|TS7587|AC  0|TAMS 0x00000006cfd00000, 0x00000006cfd00000|
| 238|0x00000006cfe00000, 0x00000006cff00000, 0x00000006cff00000|100%| E|CS|TS7587|AC  0|TAMS 0x00000006cfe00000, 0x00000006cfe00000|
| 239|0x00000006cff00000, 0x00000006d0000000, 0x00000006d0000000|100%| E|CS|TS7587|AC  0|TAMS 0x00000006cff00000, 0x00000006cff00000|
| 240|0x00000006d0000000, 0x00000006d0100000, 0x00000006d0100000|100%| E|CS|TS7587|AC  0|TAMS 0x00000006d0000000, 0x00000006d0000000|
| 241|0x00000006d0100000, 0x00000006d0200000, 0x00000006d0200000|100%| E|CS|TS7587|AC  0|TAMS 0x00000006d0100000, 0x00000006d0100000|
| 242|0x00000006d0200000, 0x00000006d0300000, 0x00000006d0300000|100%| E|CS|TS7587|AC  0|TAMS 0x00000006d0200000, 0x00000006d0200000|
| 243|0x00000006d0300000, 0x00000006d0400000, 0x00000006d0400000|100%| E|CS|TS7587|AC  0|TAMS 0x00000006d0300000, 0x00000006d0300000|
| 244|0x00000006d0400000, 0x00000006d0500000, 0x00000006d0500000|100%| E|CS|TS7587|AC  0|TAMS 0x00000006d0400000, 0x00000006d0400000|
| 245|0x00000006d0500000, 0x00000006d0600000, 0x00000006d0600000|100%| E|CS|TS7587|AC  0|TAMS 0x00000006d0500000, 0x00000006d0500000|
| 246|0x00000006d0600000, 0x00000006d0700000, 0x00000006d0700000|100%| E|CS|TS7587|AC  0|TAMS 0x00000006d0600000, 0x00000006d0600000|
| 247|0x00000006d0700000, 0x00000006d0800000, 0x00000006d0800000|100%| E|CS|TS7587|AC  0|TAMS 0x00000006d0700000, 0x00000006d0700000|
| 248|0x00000006d0800000, 0x00000006d0900000, 0x00000006d0900000|100%| E|CS|TS7587|AC  0|TAMS 0x00000006d0800000, 0x00000006d0800000|
| 249|0x00000006d0900000, 0x00000006d0a00000, 0x00000006d0a00000|100%| E|CS|TS7587|AC  0|TAMS 0x00000006d0900000, 0x00000006d0900000|
| 250|0x00000006d0a00000, 0x00000006d0b00000, 0x00000006d0b00000|100%| E|CS|TS7587|AC  0|TAMS 0x00000006d0a00000, 0x00000006d0a00000|
| 251|0x00000006d0b00000, 0x00000006d0c00000, 0x00000006d0c00000|100%| E|CS|TS7587|AC  0|TAMS 0x00000006d0b00000, 0x00000006d0b00000|
| 252|0x00000006d0c00000, 0x00000006d0d00000, 0x00000006d0d00000|100%| E|CS|TS7587|AC  0|TAMS 0x00000006d0c00000, 0x00000006d0c00000|
| 253|0x00000006d0d00000, 0x00000006d0e00000, 0x00000006d0e00000|100%| E|CS|TS7587|AC  0|TAMS 0x00000006d0d00000, 0x00000006d0d00000|
| 254|0x00000006d0e00000, 0x00000006d0f00000, 0x00000006d0f00000|100%| E|CS|TS7587|AC  0|TAMS 0x00000006d0e00000, 0x00000006d0e00000|
| 255|0x00000006d0f00000, 0x00000006d1000000, 0x00000006d1000000|100%| E|CS|TS7587|AC  0|TAMS 0x00000006d0f00000, 0x00000006d0f00000|

Card table byte_map: [0x0000020ac0360000,0x0000020ac0b60000] byte_map_base: 0x0000020abcd58000

Marking Bits (Prev, Next): (CMBitMap*) 0x0000020ac93688f0, (CMBitMap*) 0x0000020ac9368928
 Prev Bits: [0x0000020ac1360000, 0x0000020ac5320000)
 Next Bits: [0x0000020ac5320000, 0x0000020ac92e0000)

Polling page: 0x0000020aa2fb0000

CodeHeap 'non-profiled nmethods': size=120000Kb used=255Kb max_used=255Kb free=119744Kb
 bounds [0x0000020ab80d0000, 0x0000020ab8340000, 0x0000020abf600000]
CodeHeap 'profiled nmethods': size=120000Kb used=593Kb max_used=593Kb free=119406Kb
 bounds [0x0000020ab0ba0000, 0x0000020ab0e10000, 0x0000020ab80d0000]
CodeHeap 'non-nmethods': size=5760Kb used=1055Kb max_used=1087Kb free=4704Kb
 bounds [0x0000020ab0600000, 0x0000020ab0870000, 0x0000020ab0ba0000]
 total_blobs=992 nmethods=456 adapters=257
 compilation: enabled

Compilation events (10 events):
Event: 29614.874 Thread 0x0000020acc9ba000 nmethod 451 0x0000020ab8108190 code [0x0000020ab8108340, 0x0000020ab8108ae8]
Event: 29614.875 Thread 0x0000020acc9b2000 nmethod 452 0x0000020ab8108c10 code [0x0000020ab8108dc0, 0x0000020ab8109568]
Event: 29614.959 Thread 0x0000020acc9d4800  453   !   4       java.io.PrintStream::write (69 bytes)
Event: 29614.959 Thread 0x0000020acc9ba000  454  s    4       java.io.BufferedOutputStream::write (67 bytes)
Event: 29614.962 Thread 0x0000020acc9b2000  455   !   4       sun.nio.cs.StreamEncoder::flushBuffer (42 bytes)
Event: 29614.966 Thread 0x0000020acc9ba000 nmethod 454 0x0000020ab8109690 code [0x0000020ab8109880, 0x0000020ab8109f88]
Event: 29614.966 Thread 0x0000020acc9ba000  456       4       sun.nio.cs.StreamEncoder::writeBytes (132 bytes)
Event: 29614.969 Thread 0x0000020acc9d4800 nmethod 453 0x0000020ab810a390 code [0x0000020ab810a5c0, 0x0000020ab810b4a0]
Event: 29614.979 Thread 0x0000020acc9b2000 nmethod 455 0x0000020ab810bc10 code [0x0000020ab810be60, 0x0000020ab810d560]
Event: 29614.985 Thread 0x0000020acc9ba000 nmethod 456 0x0000020ab810e010 code [0x0000020ab810e260, 0x0000020ab810f580]

GC Heap History (10 events):
Event: 34508.244 GC heap before
{Heap before GC invocations=7582 (full 0):
 garbage-first heap   total 262144K, used 156890K [0x00000006c1000000, 0x00000007c0000000)
  region size 1024K, 153 young (156672K), 1 survivors (1024K)
 Metaspace       used 7322K, capacity 7405K, committed 7552K, reserved 1056768K
  class space    used 600K, capacity 612K, committed 640K, reserved 1048576K
}
Event: 34508.245 GC heap after
{Heap after GC invocations=7583 (full 0):
 garbage-first heap   total 262144K, used 1244K [0x00000006c1000000, 0x00000007c0000000)
  region size 1024K, 1 young (1024K), 1 survivors (1024K)
 Metaspace       used 7322K, capacity 7405K, committed 7552K, reserved 1056768K
  class space    used 600K, capacity 612K, committed 640K, reserved 1048576K
}
Event: 34511.296 GC heap before
{Heap before GC invocations=7583 (full 0):
 garbage-first heap   total 262144K, used 156892K [0x00000006c1000000, 0x00000007c0000000)
  region size 1024K, 153 young (156672K), 1 survivors (1024K)
 Metaspace       used 7322K, capacity 7405K, committed 7552K, reserved 1056768K
  class space    used 600K, capacity 612K, committed 640K, reserved 1048576K
}
Event: 34511.296 GC heap after
{Heap after GC invocations=7584 (full 0):
 garbage-first heap   total 262144K, used 1246K [0x00000006c1000000, 0x00000007c0000000)
  region size 1024K, 1 young (1024K), 1 survivors (1024K)
 Metaspace       used 7322K, capacity 7405K, committed 7552K, reserved 1056768K
  class space    used 600K, capacity 612K, committed 640K, reserved 1048576K
}
Event: 34514.399 GC heap before
{Heap before GC invocations=7584 (full 0):
 garbage-first heap   total 262144K, used 156894K [0x00000006c1000000, 0x00000007c0000000)
  region size 1024K, 153 young (156672K), 1 survivors (1024K)
 Metaspace       used 7322K, capacity 7405K, committed 7552K, reserved 1056768K
  class space    used 600K, capacity 612K, committed 640K, reserved 1048576K
}
Event: 34514.399 GC heap after
{Heap after GC invocations=7585 (full 0):
 garbage-first heap   total 262144K, used 1246K [0x00000006c1000000, 0x00000007c0000000)
  region size 1024K, 1 young (1024K), 1 survivors (1024K)
 Metaspace       used 7322K, capacity 7405K, committed 7552K, reserved 1056768K
  class space    used 600K, capacity 612K, committed 640K, reserved 1048576K
}
Event: 34517.474 GC heap before
{Heap before GC invocations=7585 (full 0):
 garbage-first heap   total 262144K, used 156894K [0x00000006c1000000, 0x00000007c0000000)
  region size 1024K, 153 young (156672K), 1 survivors (1024K)
 Metaspace       used 7322K, capacity 7405K, committed 7552K, reserved 1056768K
  class space    used 600K, capacity 612K, committed 640K, reserved 1048576K
}
Event: 34517.474 GC heap after
{Heap after GC invocations=7586 (full 0):
 garbage-first heap   total 262144K, used 1246K [0x00000006c1000000, 0x00000007c0000000)
  region size 1024K, 1 young (1024K), 1 survivors (1024K)
 Metaspace       used 7322K, capacity 7405K, committed 7552K, reserved 1056768K
  class space    used 600K, capacity 612K, committed 640K, reserved 1048576K
}
Event: 34520.569 GC heap before
{Heap before GC invocations=7586 (full 0):
 garbage-first heap   total 262144K, used 156894K [0x00000006c1000000, 0x00000007c0000000)
  region size 1024K, 153 young (156672K), 1 survivors (1024K)
 Metaspace       used 7322K, capacity 7405K, committed 7552K, reserved 1056768K
  class space    used 600K, capacity 612K, committed 640K, reserved 1048576K
}
Event: 34520.570 GC heap after
{Heap after GC invocations=7587 (full 0):
 garbage-first heap   total 262144K, used 1246K [0x00000006c1000000, 0x00000007c0000000)
  region size 1024K, 1 young (1024K), 1 survivors (1024K)
 Metaspace       used 7322K, capacity 7405K, committed 7552K, reserved 1056768K
  class space    used 600K, capacity 612K, committed 640K, reserved 1048576K
}

Deoptimization events (6 events):
Event: 0.118 Thread 0x0000020aa5270000 Uncommon trap: reason=unstable_if action=reinterpret pc=0x0000020ab80d2eec method=java.lang.String.hashCode()I @ 14 c2
Event: 0.131 Thread 0x0000020aa5270000 Uncommon trap: reason=unstable_if action=reinterpret pc=0x0000020ab80dd378 method=java.lang.String.isLatin1()Z @ 10 c2
Event: 29614.790 Thread 0x0000020aa5270000 Uncommon trap: reason=unstable_if action=reinterpret pc=0x0000020ab80f8d30 method=java.io.BufferedOutputStream.write([BII)V @ 35 c2
Event: 29614.791 Thread 0x0000020aa5270000 Uncommon trap: reason=unstable_if action=reinterpret pc=0x0000020ab80fac10 method=java.io.BufferedOutputStream.write([BII)V @ 35 c2
Event: 29614.791 Thread 0x0000020aa5270000 Uncommon trap: reason=unstable_if action=reinterpret pc=0x0000020ab80f717c method=java.io.BufferedOutputStream.write([BII)V @ 35 c2
Event: 29614.791 Thread 0x0000020aa5270000 Uncommon trap: reason=unstable_if action=reinterpret pc=0x0000020ab80fc074 method=java.io.BufferedOutputStream.write([BII)V @ 35 c2

Classes redefined (0 events):
No events

Internal exceptions (10 events):
Event: 34521.565 Thread 0x0000020aa5270000 Exception <a 'java/io/IOException'{0x00000006ce26e0c0}> (0x00000006ce26e0c0) thrown at [t:/workspace/open/src/hotspot/share/prims/jni.cpp, line 611]
Event: 34521.565 Thread 0x0000020aa5270000 Exception <a 'java/io/IOException'{0x00000006ce26e410}> (0x00000006ce26e410) thrown at [t:/workspace/open/src/hotspot/share/prims/jni.cpp, line 611]
Event: 34521.565 Thread 0x0000020aa5270000 Exception <a 'java/io/IOException'{0x00000006ce26e730}> (0x00000006ce26e730) thrown at [t:/workspace/open/src/hotspot/share/prims/jni.cpp, line 611]
Event: 34521.565 Thread 0x0000020aa5270000 Exception <a 'java/io/IOException'{0x00000006ce26eb00}> (0x00000006ce26eb00) thrown at [t:/workspace/open/src/hotspot/share/prims/jni.cpp, line 611]
Event: 34521.565 Thread 0x0000020aa5270000 Exception <a 'java/io/IOException'{0x00000006ce26ee20}> (0x00000006ce26ee20) thrown at [t:/workspace/open/src/hotspot/share/prims/jni.cpp, line 611]
Event: 34521.565 Thread 0x0000020aa5270000 Exception <a 'java/io/IOException'{0x00000006ce26f170}> (0x00000006ce26f170) thrown at [t:/workspace/open/src/hotspot/share/prims/jni.cpp, line 611]
Event: 34521.565 Thread 0x0000020aa5270000 Exception <a 'java/io/IOException'{0x00000006ce26f490}> (0x00000006ce26f490) thrown at [t:/workspace/open/src/hotspot/share/prims/jni.cpp, line 611]
Event: 34521.565 Thread 0x0000020aa5270000 Exception <a 'java/io/IOException'{0x00000006ce26f7e0}> (0x00000006ce26f7e0) thrown at [t:/workspace/open/src/hotspot/share/prims/jni.cpp, line 611]
Event: 34521.565 Thread 0x0000020aa5270000 Exception <a 'java/io/IOException'{0x00000006ce26fb00}> (0x00000006ce26fb00) thrown at [t:/workspace/open/src/hotspot/share/prims/jni.cpp, line 611]
Event: 34521.565 Thread 0x0000020aa5270000 Exception <a 'java/io/IOException'{0x00000006ce26fed0}> (0x00000006ce26fed0) thrown at [t:/workspace/open/src/hotspot/share/prims/jni.cpp, line 611]

Events (10 events):
Event: 34508.244 Executing VM operation: G1IncCollectionPause
Event: 34508.245 Executing VM operation: G1IncCollectionPause done
Event: 34511.296 Executing VM operation: G1IncCollectionPause
Event: 34511.296 Executing VM operation: G1IncCollectionPause done
Event: 34514.399 Executing VM operation: G1IncCollectionPause
Event: 34514.399 Executing VM operation: G1IncCollectionPause done
Event: 34517.474 Executing VM operation: G1IncCollectionPause
Event: 34517.474 Executing VM operation: G1IncCollectionPause done
Event: 34520.569 Executing VM operation: G1IncCollectionPause
Event: 34520.570 Executing VM operation: G1IncCollectionPause done


Dynamic libraries:
0x00007ff6ec350000 - 0x00007ff6ec38e000 	F:\Java\jdk-10.0.2\bin\java.exe
0x00007ff8e0180000 - 0x00007ff8e0361000 	C:\WINDOWS\SYSTEM32\ntdll.dll
0x00007ff8ddbf0000 - 0x00007ff8ddca2000 	C:\WINDOWS\System32\KERNEL32.DLL
0x00007ff8dc920000 - 0x00007ff8dcb93000 	C:\WINDOWS\System32\KERNELBASE.dll
0x00007ff8dd830000 - 0x00007ff8dd8d1000 	C:\WINDOWS\System32\ADVAPI32.dll
0x00007ff8de410000 - 0x00007ff8de4ae000 	C:\WINDOWS\System32\msvcrt.dll
0x00007ff8ddd60000 - 0x00007ff8dddbb000 	C:\WINDOWS\System32\sechost.dll
0x00007ff8dffc0000 - 0x00007ff8e00e4000 	C:\WINDOWS\System32\RPCRT4.dll
0x00007ff8df8f0000 - 0x00007ff8dfa80000 	C:\WINDOWS\System32\USER32.dll
0x00007ff8dd4f0000 - 0x00007ff8dd510000 	C:\WINDOWS\System32\win32u.dll
0x00007ff8dd640000 - 0x00007ff8dd668000 	C:\WINDOWS\System32\GDI32.dll
0x00007ff8dd350000 - 0x00007ff8dd4e2000 	C:\WINDOWS\System32\gdi32full.dll
0x00007ff8dd2b0000 - 0x00007ff8dd34f000 	C:\WINDOWS\System32\msvcp_win.dll
0x00007ff8dc630000 - 0x00007ff8dc72a000 	C:\WINDOWS\System32\ucrtbase.dll
0x00007ff8d80e0000 - 0x00007ff8d80ea000 	C:\WINDOWS\SYSTEM32\VERSION.dll
0x00007ff8d34e0000 - 0x00007ff8d3749000 	C:\WINDOWS\WinSxS\amd64_microsoft.windows.common-controls_6595b64144ccf1df_6.0.17134.285_none_fb4297e330656775\COMCTL32.dll
0x00007ff8ddf40000 - 0x00007ff8de263000 	C:\WINDOWS\System32\combase.dll
0x00007ff8dc550000 - 0x00007ff8dc5ca000 	C:\WINDOWS\System32\bcryptPrimitives.dll
0x00007ff8dd610000 - 0x00007ff8dd63d000 	C:\WINDOWS\System32\IMM32.DLL
0x00007ff8b9820000 - 0x00007ff8b990f000 	F:\Java\jdk-10.0.2\bin\msvcr120.dll
0x00007ff8b6cb0000 - 0x00007ff8b6d56000 	F:\Java\jdk-10.0.2\bin\msvcp120.dll
0x000000006a900000 - 0x000000006b370000 	F:\Java\jdk-10.0.2\bin\server\jvm.dll
0x00007ff8dd820000 - 0x00007ff8dd828000 	C:\WINDOWS\System32\PSAPI.DLL
0x00007ff8d0b50000 - 0x00007ff8d0b59000 	C:\WINDOWS\SYSTEM32\WSOCK32.dll
0x00007ff8ddb20000 - 0x00007ff8ddb8c000 	C:\WINDOWS\System32\WS2_32.dll
0x00007ff8da600000 - 0x00007ff8da623000 	C:\WINDOWS\SYSTEM32\WINMM.dll
0x00007ff8da4f0000 - 0x00007ff8da51a000 	C:\WINDOWS\SYSTEM32\winmmbase.dll
0x00007ff8dd510000 - 0x00007ff8dd559000 	C:\WINDOWS\System32\cfgmgr32.dll
0x00007ff8d9e20000 - 0x00007ff8d9e2f000 	F:\Java\jdk-10.0.2\bin\verify.dll
0x00007ff8d12e0000 - 0x00007ff8d14a9000 	C:\WINDOWS\SYSTEM32\DBGHELP.DLL
0x00007ff8d1280000 - 0x00007ff8d12a9000 	C:\WINDOWS\SYSTEM32\dbgcore.DLL
0x00007ff8cf320000 - 0x00007ff8cf347000 	F:\Java\jdk-10.0.2\bin\java.dll
0x00007ff8ce290000 - 0x00007ff8ce2ba000 	F:\Java\jdk-10.0.2\bin\instrument.dll
0x00007ff8d9e00000 - 0x00007ff8d9e16000 	F:\Java\jdk-10.0.2\bin\zip.dll
0x00007ff8d0b60000 - 0x00007ff8d0b6a000 	F:\Java\jdk-10.0.2\bin\jimage.dll
0x00007ff8de4b0000 - 0x00007ff8df8f0000 	C:\WINDOWS\System32\SHELL32.dll
0x00007ff8ddcb0000 - 0x00007ff8ddd59000 	C:\WINDOWS\System32\shcore.dll
0x00007ff8dcba0000 - 0x00007ff8dd2ad000 	C:\WINDOWS\System32\windows.storage.dll
0x00007ff8e00f0000 - 0x00007ff8e0141000 	C:\WINDOWS\System32\shlwapi.dll
0x00007ff8dc510000 - 0x00007ff8dc521000 	C:\WINDOWS\System32\kernel.appcore.dll
0x00007ff8dc530000 - 0x00007ff8dc54f000 	C:\WINDOWS\System32\profapi.dll
0x00007ff8dc4c0000 - 0x00007ff8dc50c000 	C:\WINDOWS\System32\powrprof.dll
0x00007ff8dc490000 - 0x00007ff8dc49a000 	C:\WINDOWS\System32\FLTLIB.DLL
0x00007ff8d0b30000 - 0x00007ff8d0b4a000 	F:\Java\jdk-10.0.2\bin\net.dll
0x00007ff8d7e10000 - 0x00007ff8d7eec000 	C:\WINDOWS\SYSTEM32\WINHTTP.dll
0x00007ff8dbd10000 - 0x00007ff8dbd76000 	C:\WINDOWS\system32\mswsock.dll
0x00007ff8cece0000 - 0x00007ff8cecf1000 	F:\Java\jdk-10.0.2\bin\nio.dll
0x00007ff8cebe0000 - 0x00007ff8cebfa000 	F:\JetBrains\IntelliJ IDEA 2018.2.3\bin\breakgen64.dll

dbghelp: loaded successfully - version: 4.0.5 - missing functions: none
symbol engine: initialized successfully - sym options: 0x614 - pdb path: .;F:\Java\jdk-10.0.2\bin;C:\WINDOWS\SYSTEM32;C:\WINDOWS\WinSxS\amd64_microsoft.windows.common-controls_6595b64144ccf1df_6.0.17134.285_none_fb4297e330656775;F:\Java\jdk-10.0.2\bin\server;F:\JetBrains\IntelliJ IDEA 2018.2.3\bin

VM Arguments:
jvm_args: -javaagent:F:\JetBrains\IntelliJ IDEA 2018.2.3\lib\idea_rt.jar=63236:F:\JetBrains\IntelliJ IDEA 2018.2.3\bin -Dfile.encoding=UTF-8 
java_command: com.example.mininetflix.MiniNetflix
java_class_path (initial): E:\Skola\CampusMolndal\Java\MiniNetflix\out\production\MiniNetflix
Launcher Type: SUN_STANDARD

Logging:
Log output configuration:
#0: stdout all=warning uptime,level,tags
#1: stderr all=off uptime,level,tags

Environment Variables:
PATH=C:\Program Files (x86)\Razer Chroma SDK\bin;C:\Program Files\Razer Chroma SDK\bin;C:\Program Files (x86)\Common Files\Oracle\Java\javapath;C:\WINDOWS\system32;C:\WINDOWS;C:\WINDOWS\System32\Wbem;C:\WINDOWS\System32\WindowsPowerShell\v1.0\;C:\WINDOWS\System32\OpenSSH\;C:\Program Files (x86)\NVIDIA Corporation\PhysX\Common;F:\Git\cmd;F:\nodejs\;C:\Users\pnils\AppData\Local\Microsoft\WindowsApps;C:\Users\pnils\AppData\Roaming\npm;C:\Users\pnils\AppData\Local\hyper\app-2.0.0\resources\bin;%USERPROFILE%\AppData\Local\Microsoft\WindowsApps;C:\Users\pnils\AppData\Roaming\npm;C:\Users\pnils\AppData\Local\hyper\app-2.0.0\resources\bin
USERNAME=pnils
OS=Windows_NT
PROCESSOR_IDENTIFIER=AMD64 Family 23 Model 1 Stepping 1, AuthenticAMD



---------------  S Y S T E M  ---------------

OS: Windows 10 , 64 bit Build 17134 (10.0.17134.1)

CPU:total 12 (initial active 12) (12 cores per cpu, 2 threads per core) family 23 model 1 stepping 1, cmov, cx8, fxsr, mmx, sse, sse2, sse3, ssse3, sse4.1, sse4.2, popcnt, avx, avx2, aes, clmul, mmxext, 3dnowpref, lzcnt, sse4a, ht, tsc, tscinvbit, tscinv, bmi1, bmi2, adx, sha, fma

Memory: 4k page, physical 16703492k(8387820k free), swap 19193860k(4024740k free)

vm_info: Java HotSpot(TM) 64-Bit Server VM (10.0.2+13) for windows-amd64 JRE (10.0.2+13), built on Jun 28 2018 01:57:56 by "mach5one" with MS VC++ 12.0 (VS2013)

END.
